#
# There is insufficient memory for the Java Runtime Environment to continue.
# Native memory allocation (malloc) failed to allocate 81872 bytes. Error detail: Chunk::new
# Possible reasons:
#   The system is out of physical RAM or swap space
#   This process is running with CompressedOops enabled, and the Java Heap may be blocking the growth of the native heap
# Possible solutions:
#   Reduce memory load on the system
#   Increase physical memory or swap space
#   Check if swap backing store is full
#   Decrease Java heap size (-Xmx/-Xms)
#   Decrease number of Java threads
#   Decrease Java thread stack sizes (-Xss)
#   Set larger code cache with -XX:ReservedCodeCacheSize=
#   JVM is running with Unscaled Compressed Oops mode in which the Java heap is
#     placed in the first 4GB address space. The Java Heap base address is the
#     maximum limit for the native heap growth. Please use -XX:HeapBaseMinAddress
#     to set the Java Heap base and to place the Java Heap above 4GB virtual address.
# This output file may be truncated or incomplete.
#
#  Out of Memory Error (arena.cpp:168), pid=2100, tid=4348
#
# JRE version: OpenJDK Runtime Environment JBR-21.0.9+1-1163.94-jcef (21.0.9+1) (build 21.0.9+1-b1163.94)
# Java VM: OpenJDK 64-Bit Server VM JBR-21.0.9+1-1163.94-jcef (21.0.9+1-b1163.94, mixed mode, sharing, tiered, compressed oops, compressed class ptrs, g1 gc, windows-amd64)
# Core dump will be written. Default location: D:\Projets\Symfony\bucket-list\hs_err_pid2100.mdmp
#

---------------  S U M M A R Y ------------

Command Line: -Djava.rmi.server.hostname=127.0.0.1 -Duser.timezone=UTC -Xmx2048m -Xms128m --add-exports=java.desktop/sun.awt=ALL-UNNAMED --add-exports=java.desktop/java.awt.peer=ALL-UNNAMED --add-opens=java.desktop/java.awt=ALL-UNNAMED --add-opens=jdk.unsupported/sun.misc=ALL-UNNAMED --add-opens=java.base/java.nio=ALL-UNNAMED --add-opens=java.base/java.util=ALL-UNNAMED -Dfile.encoding=UTF-8 -Dsun.stdout.encoding=UTF-8 -Dsun.stderr.encoding=UTF-8 com.intellij.database.remote.RemoteJdbcServer com.mysql.cj.jdbc.Driver

Host: Intel(R) Core(TM) i5-8400 CPU @ 2.80GHz, 6 cores, 31G,  Windows Server 2019 , 64 bit Build 17763 (10.0.17763.6189)
Time: Tue Feb 17 16:35:04 2026 Paris, Madrid elapsed time: 2197.251537 seconds (0d 0h 36m 37s)

---------------  T H R E A D  ---------------

Current thread (0x0000021b35db35b0):  JavaThread "C2 CompilerThread0" daemon [_thread_in_native, id=4348, stack(0x0000009513900000,0x0000009513a00000) (1024K)]


Current CompileTask:
C2:2197251 3639   !   4       java.net.Socket$SocketInputStream::read (56 bytes)

Stack: [0x0000009513900000,0x0000009513a00000]
Native frames: (J=compiled Java code, j=interpreted, Vv=VM code, C=native code)
V  [jvm.dll+0x6ec339]
V  [jvm.dll+0x8cc463]
V  [jvm.dll+0x8cea8e]
V  [jvm.dll+0x8cf173]
V  [jvm.dll+0x28b006]
V  [jvm.dll+0xc6f3d]
V  [jvm.dll+0xc7473]
V  [jvm.dll+0x143cbf]
V  [jvm.dll+0x679e55]
V  [jvm.dll+0x6783ae]
V  [jvm.dll+0x251e1f]
V  [jvm.dll+0x251571]
V  [jvm.dll+0x1ceb04]
V  [jvm.dll+0x260e0e]
V  [jvm.dll+0x25f356]
V  [jvm.dll+0x4031b6]
V  [jvm.dll+0x874178]
V  [jvm.dll+0x6eaabd]
C  [ucrtbase.dll+0x2268a]
C  [KERNEL32.DLL+0x17ac4]
C  [ntdll.dll+0x5a8c1]


---------------  P R O C E S S  ---------------

Threads class SMR info:
_java_thread_list=0x0000021b7d8eeb40, length=20, elements={
0x0000021b1dbff670, 0x0000021b35d94210, 0x0000021b35d9c480, 0x0000021b35d9f5c0,
0x0000021b35da27e0, 0x0000021b35da3850, 0x0000021b35da46e0, 0x0000021b35dac260,
0x0000021b35db35b0, 0x0000021b35db9560, 0x0000021b35dacf80, 0x0000021b35dadca0,
0x0000021b35dae330, 0x0000021b35dac8f0, 0x0000021b35dad610, 0x0000021b35daaeb0,
0x0000021b35dabbd0, 0x0000021b7c57a3d0, 0x0000021b7c5796b0, 0x0000021b7c57c4a0
}

Java Threads: ( => current thread )
  0x0000021b1dbff670 JavaThread "main"                              [_thread_blocked, id=14768, stack(0x0000009512a00000,0x0000009512b00000) (1024K)]
  0x0000021b35d94210 JavaThread "Common-Cleaner"             daemon [_thread_blocked, id=8140, stack(0x0000009513200000,0x0000009513300000) (1024K)]
  0x0000021b35d9c480 JavaThread "Reference Handler"          daemon [_thread_blocked, id=3484, stack(0x0000009513300000,0x0000009513400000) (1024K)]
  0x0000021b35d9f5c0 JavaThread "Finalizer"                  daemon [_thread_blocked, id=14128, stack(0x0000009513400000,0x0000009513500000) (1024K)]
  0x0000021b35da27e0 JavaThread "Signal Dispatcher"          daemon [_thread_blocked, id=15140, stack(0x0000009513500000,0x0000009513600000) (1024K)]
  0x0000021b35da3850 JavaThread "Attach Listener"            daemon [_thread_blocked, id=1944, stack(0x0000009513600000,0x0000009513700000) (1024K)]
  0x0000021b35da46e0 JavaThread "Service Thread"             daemon [_thread_blocked, id=3816, stack(0x0000009513700000,0x0000009513800000) (1024K)]
  0x0000021b35dac260 JavaThread "Monitor Deflation Thread"   daemon [_thread_blocked, id=2660, stack(0x0000009513800000,0x0000009513900000) (1024K)]
=>0x0000021b35db35b0 JavaThread "C2 CompilerThread0"         daemon [_thread_in_native, id=4348, stack(0x0000009513900000,0x0000009513a00000) (1024K)]
  0x0000021b35db9560 JavaThread "C1 CompilerThread0"         daemon [_thread_blocked, id=15240, stack(0x0000009513a00000,0x0000009513b00000) (1024K)]
  0x0000021b35dacf80 JavaThread "Notification Thread"        daemon [_thread_blocked, id=14100, stack(0x0000009513b00000,0x0000009513c00000) (1024K)]
  0x0000021b35dadca0 JavaThread "RMI TCP Accept-30802"       daemon [_thread_in_native, id=15192, stack(0x0000009513d00000,0x0000009513e00000) (1024K)]
  0x0000021b35dae330 JavaThread "RMI TCP Accept-0"           daemon [_thread_in_native, id=7044, stack(0x0000009513e00000,0x0000009513f00000) (1024K)]
  0x0000021b35dac8f0 JavaThread "RMI Reaper"                        [_thread_blocked, id=2776, stack(0x0000009513f00000,0x0000009514000000) (1024K)]
  0x0000021b35dad610 JavaThread "RMI GC Daemon"              daemon [_thread_blocked, id=5504, stack(0x0000009514000000,0x0000009514100000) (1024K)]
  0x0000021b35daaeb0 JavaThread "RMI TCP Connection(1)-127.0.0.1" daemon [_thread_in_native, id=15292, stack(0x0000009514100000,0x0000009514200000) (1024K)]
  0x0000021b35dabbd0 JavaThread "RMI Scheduler(0)"           daemon [_thread_blocked, id=6732, stack(0x0000009514300000,0x0000009514400000) (1024K)]
  0x0000021b7c57a3d0 JavaThread "RMI TCP Connection(4)-127.0.0.1" daemon [_thread_in_native, id=10844, stack(0x0000009514500000,0x0000009514600000) (1024K)]
  0x0000021b7c5796b0 JavaThread "RMI RenewClean-[127.0.0.1:52576]" daemon [_thread_blocked, id=8868, stack(0x0000009514600000,0x0000009514700000) (1024K)]
  0x0000021b7c57c4a0 JavaThread "mysql-cj-abandoned-connection-cleanup" daemon [_thread_blocked, id=14512, stack(0x0000009514700000,0x0000009514800000) (1024K)]
Total: 20

Other Threads:
  0x0000021b35d7ccf0 VMThread "VM Thread"                           [id=3548, stack(0x0000009513100000,0x0000009513200000) (1024K)]
  0x0000021b35d69370 WatcherThread "VM Periodic Task Thread"        [id=13260, stack(0x0000009513000000,0x0000009513100000) (1024K)]
  0x0000021b1dc554d0 WorkerThread "GC Thread#0"                     [id=3504, stack(0x0000009512b00000,0x0000009512c00000) (1024K)]
  0x0000021b7c3d6ba0 WorkerThread "GC Thread#1"                     [id=11188, stack(0x0000009514800000,0x0000009514900000) (1024K)]
  0x0000021b7c82f920 WorkerThread "GC Thread#2"                     [id=13880, stack(0x0000009514900000,0x0000009514a00000) (1024K)]
  0x0000021b7c8bb070 WorkerThread "GC Thread#3"                     [id=14308, stack(0x0000009514a00000,0x0000009514b00000) (1024K)]
  0x0000021b7c773580 WorkerThread "GC Thread#4"                     [id=4764, stack(0x0000009514b00000,0x0000009514c00000) (1024K)]
  0x0000021b7c77ebe0 WorkerThread "GC Thread#5"                     [id=3540, stack(0x0000009514c00000,0x0000009514d00000) (1024K)]
  0x0000021b1dc663c0 ConcurrentGCThread "G1 Main Marker"            [id=13832, stack(0x0000009512c00000,0x0000009512d00000) (1024K)]
  0x0000021b1dc66f80 WorkerThread "G1 Conc#0"                       [id=9260, stack(0x0000009512d00000,0x0000009512e00000) (1024K)]
  0x0000021b35c2ba90 ConcurrentGCThread "G1 Refine#0"               [id=6344, stack(0x0000009512e00000,0x0000009512f00000) (1024K)]
  0x0000021b35c2c410 ConcurrentGCThread "G1 Service"                [id=13972, stack(0x0000009512f00000,0x0000009513000000) (1024K)]
Total: 12

Threads with active compile tasks:
C2 CompilerThread0  2197298 3639   !   4       java.net.Socket$SocketInputStream::read (56 bytes)
Total: 1

VM state: not at safepoint (normal execution)

VM Mutex/Monitor currently owned by a thread: None

Heap address: 0x0000000080000000, size: 2048 MB, Compressed Oops mode: 32-bit

CDS archive(s) mapped at: [0x0000021b36000000-0x0000021b37c20000-0x0000021b37c20000), size 29491200, SharedBaseAddress: 0x0000021b36000000, ArchiveRelocationMode: 1.
Compressed class space mapped at: 0x0000021b38000000-0x0000021b78000000, reserved size: 1073741824
Narrow klass base: 0x0000021b36000000, Narrow klass shift: 0, Narrow klass range: 0x100000000

GC Precious Log:
 CardTable entry size: 512
 Card Set container configuration: InlinePtr #cards 5 size 8 Array Of Cards #cards 12 size 40 Howl #buckets 4 coarsen threshold 1843 Howl Bitmap #cards 512 size 80 coarsen threshold 460 Card regions per heap region 1 cards per card region 2048
 CPUs: 6 total, 6 available
 Memory: 32564M
 Large Page Support: Disabled
 NUMA Support: Disabled
 Compressed Oops: Enabled (32-bit)
 Heap Region Size: 1M
 Heap Min Capacity: 128M
 Heap Initial Capacity: 128M
 Heap Max Capacity: 2G
 Pre-touch: Disabled
 Parallel Workers: 6
 Concurrent Workers: 2
 Concurrent Refinement Workers: 6
 Periodic GC: Disabled

Heap:
 garbage-first heap   total 131072K, used 49930K [0x0000000080000000, 0x0000000100000000)
  region size 1024K, 43 young (44032K), 4 survivors (4096K)
 Metaspace       used 12223K, committed 12608K, reserved 1114112K
  class space    used 1401K, committed 1600K, reserved 1048576K

Heap Regions: E=young(eden), S=young(survivor), O=old, HS=humongous(starts), HC=humongous(continues), CS=collection set, F=free, TAMS=top-at-mark-start, PB=parsable bottom
|   0|0x0000000080000000, 0x0000000080100000, 0x0000000080100000|100%|HS|  |TAMS 0x0000000080000000| PB 0x0000000080000000| Complete 
|   1|0x0000000080100000, 0x0000000080200000, 0x0000000080200000|100%|HS|  |TAMS 0x0000000080100000| PB 0x0000000080100000| Complete 
|   2|0x0000000080200000, 0x0000000080300000, 0x0000000080300000|100%| O|  |TAMS 0x0000000080200000| PB 0x0000000080200000| Untracked 
|   3|0x0000000080300000, 0x0000000080400000, 0x0000000080400000|100%| O|  |TAMS 0x0000000080300000| PB 0x0000000080300000| Untracked 
|   4|0x0000000080400000, 0x0000000080500000, 0x0000000080500000|100%| O|  |TAMS 0x0000000080400000| PB 0x0000000080400000| Untracked 
|   5|0x0000000080500000, 0x0000000080600000, 0x0000000080600000|100%| O|  |TAMS 0x0000000080500000| PB 0x0000000080500000| Untracked 
|   6|0x0000000080600000, 0x00000000806fd850, 0x0000000080700000| 99%| O|  |TAMS 0x0000000080600000| PB 0x0000000080600000| Untracked 
|   7|0x0000000080700000, 0x0000000080700000, 0x0000000080800000|  0%| F|  |TAMS 0x0000000080700000| PB 0x0000000080700000| Untracked 
|   8|0x0000000080800000, 0x0000000080800000, 0x0000000080900000|  0%| F|  |TAMS 0x0000000080800000| PB 0x0000000080800000| Untracked 
|   9|0x0000000080900000, 0x0000000080900000, 0x0000000080a00000|  0%| F|  |TAMS 0x0000000080900000| PB 0x0000000080900000| Untracked 
|  10|0x0000000080a00000, 0x0000000080a00000, 0x0000000080b00000|  0%| F|  |TAMS 0x0000000080a00000| PB 0x0000000080a00000| Untracked 
|  11|0x0000000080b00000, 0x0000000080b00000, 0x0000000080c00000|  0%| F|  |TAMS 0x0000000080b00000| PB 0x0000000080b00000| Untracked 
|  12|0x0000000080c00000, 0x0000000080c00000, 0x0000000080d00000|  0%| F|  |TAMS 0x0000000080c00000| PB 0x0000000080c00000| Untracked 
|  13|0x0000000080d00000, 0x0000000080d00000, 0x0000000080e00000|  0%| F|  |TAMS 0x0000000080d00000| PB 0x0000000080d00000| Untracked 
|  14|0x0000000080e00000, 0x0000000080e00000, 0x0000000080f00000|  0%| F|  |TAMS 0x0000000080e00000| PB 0x0000000080e00000| Untracked 
|  15|0x0000000080f00000, 0x0000000080f00000, 0x0000000081000000|  0%| F|  |TAMS 0x0000000080f00000| PB 0x0000000080f00000| Untracked 
|  16|0x0000000081000000, 0x0000000081000000, 0x0000000081100000|  0%| F|  |TAMS 0x0000000081000000| PB 0x0000000081000000| Untracked 
|  17|0x0000000081100000, 0x0000000081100000, 0x0000000081200000|  0%| F|  |TAMS 0x0000000081100000| PB 0x0000000081100000| Untracked 
|  18|0x0000000081200000, 0x0000000081200000, 0x0000000081300000|  0%| F|  |TAMS 0x0000000081200000| PB 0x0000000081200000| Untracked 
|  19|0x0000000081300000, 0x0000000081300000, 0x0000000081400000|  0%| F|  |TAMS 0x0000000081300000| PB 0x0000000081300000| Untracked 
|  20|0x0000000081400000, 0x0000000081400000, 0x0000000081500000|  0%| F|  |TAMS 0x0000000081400000| PB 0x0000000081400000| Untracked 
|  21|0x0000000081500000, 0x0000000081500000, 0x0000000081600000|  0%| F|  |TAMS 0x0000000081500000| PB 0x0000000081500000| Untracked 
|  22|0x0000000081600000, 0x0000000081600000, 0x0000000081700000|  0%| F|  |TAMS 0x0000000081600000| PB 0x0000000081600000| Untracked 
|  23|0x0000000081700000, 0x0000000081700000, 0x0000000081800000|  0%| F|  |TAMS 0x0000000081700000| PB 0x0000000081700000| Untracked 
|  24|0x0000000081800000, 0x0000000081800000, 0x0000000081900000|  0%| F|  |TAMS 0x0000000081800000| PB 0x0000000081800000| Untracked 
|  25|0x0000000081900000, 0x0000000081900000, 0x0000000081a00000|  0%| F|  |TAMS 0x0000000081900000| PB 0x0000000081900000| Untracked 
|  26|0x0000000081a00000, 0x0000000081a00000, 0x0000000081b00000|  0%| F|  |TAMS 0x0000000081a00000| PB 0x0000000081a00000| Untracked 
|  27|0x0000000081b00000, 0x0000000081b00000, 0x0000000081c00000|  0%| F|  |TAMS 0x0000000081b00000| PB 0x0000000081b00000| Untracked 
|  28|0x0000000081c00000, 0x0000000081c00000, 0x0000000081d00000|  0%| F|  |TAMS 0x0000000081c00000| PB 0x0000000081c00000| Untracked 
|  29|0x0000000081d00000, 0x0000000081d00000, 0x0000000081e00000|  0%| F|  |TAMS 0x0000000081d00000| PB 0x0000000081d00000| Untracked 
|  30|0x0000000081e00000, 0x0000000081e00000, 0x0000000081f00000|  0%| F|  |TAMS 0x0000000081e00000| PB 0x0000000081e00000| Untracked 
|  31|0x0000000081f00000, 0x0000000081f00000, 0x0000000082000000|  0%| F|  |TAMS 0x0000000081f00000| PB 0x0000000081f00000| Untracked 
|  32|0x0000000082000000, 0x0000000082000000, 0x0000000082100000|  0%| F|  |TAMS 0x0000000082000000| PB 0x0000000082000000| Untracked 
|  33|0x0000000082100000, 0x0000000082100000, 0x0000000082200000|  0%| F|  |TAMS 0x0000000082100000| PB 0x0000000082100000| Untracked 
|  34|0x0000000082200000, 0x0000000082200000, 0x0000000082300000|  0%| F|  |TAMS 0x0000000082200000| PB 0x0000000082200000| Untracked 
|  35|0x0000000082300000, 0x0000000082300000, 0x0000000082400000|  0%| F|  |TAMS 0x0000000082300000| PB 0x0000000082300000| Untracked 
|  36|0x0000000082400000, 0x0000000082400000, 0x0000000082500000|  0%| F|  |TAMS 0x0000000082400000| PB 0x0000000082400000| Untracked 
|  37|0x0000000082500000, 0x0000000082500000, 0x0000000082600000|  0%| F|  |TAMS 0x0000000082500000| PB 0x0000000082500000| Untracked 
|  38|0x0000000082600000, 0x0000000082600000, 0x0000000082700000|  0%| F|  |TAMS 0x0000000082600000| PB 0x0000000082600000| Untracked 
|  39|0x0000000082700000, 0x0000000082700000, 0x0000000082800000|  0%| F|  |TAMS 0x0000000082700000| PB 0x0000000082700000| Untracked 
|  40|0x0000000082800000, 0x0000000082800000, 0x0000000082900000|  0%| F|  |TAMS 0x0000000082800000| PB 0x0000000082800000| Untracked 
|  41|0x0000000082900000, 0x0000000082900000, 0x0000000082a00000|  0%| F|  |TAMS 0x0000000082900000| PB 0x0000000082900000| Untracked 
|  42|0x0000000082a00000, 0x0000000082a00000, 0x0000000082b00000|  0%| F|  |TAMS 0x0000000082a00000| PB 0x0000000082a00000| Untracked 
|  43|0x0000000082b00000, 0x0000000082b00000, 0x0000000082c00000|  0%| F|  |TAMS 0x0000000082b00000| PB 0x0000000082b00000| Untracked 
|  44|0x0000000082c00000, 0x0000000082c00000, 0x0000000082d00000|  0%| F|  |TAMS 0x0000000082c00000| PB 0x0000000082c00000| Untracked 
|  45|0x0000000082d00000, 0x0000000082d00000, 0x0000000082e00000|  0%| F|  |TAMS 0x0000000082d00000| PB 0x0000000082d00000| Untracked 
|  46|0x0000000082e00000, 0x0000000082e00000, 0x0000000082f00000|  0%| F|  |TAMS 0x0000000082e00000| PB 0x0000000082e00000| Untracked 
|  47|0x0000000082f00000, 0x0000000082f00000, 0x0000000083000000|  0%| F|  |TAMS 0x0000000082f00000| PB 0x0000000082f00000| Untracked 
|  48|0x0000000083000000, 0x0000000083000000, 0x0000000083100000|  0%| F|  |TAMS 0x0000000083000000| PB 0x0000000083000000| Untracked 
|  49|0x0000000083100000, 0x0000000083100000, 0x0000000083200000|  0%| F|  |TAMS 0x0000000083100000| PB 0x0000000083100000| Untracked 
|  50|0x0000000083200000, 0x0000000083200000, 0x0000000083300000|  0%| F|  |TAMS 0x0000000083200000| PB 0x0000000083200000| Untracked 
|  51|0x0000000083300000, 0x0000000083300000, 0x0000000083400000|  0%| F|  |TAMS 0x0000000083300000| PB 0x0000000083300000| Untracked 
|  52|0x0000000083400000, 0x0000000083400000, 0x0000000083500000|  0%| F|  |TAMS 0x0000000083400000| PB 0x0000000083400000| Untracked 
|  53|0x0000000083500000, 0x0000000083500000, 0x0000000083600000|  0%| F|  |TAMS 0x0000000083500000| PB 0x0000000083500000| Untracked 
|  54|0x0000000083600000, 0x0000000083600000, 0x0000000083700000|  0%| F|  |TAMS 0x0000000083600000| PB 0x0000000083600000| Untracked 
|  55|0x0000000083700000, 0x0000000083700000, 0x0000000083800000|  0%| F|  |TAMS 0x0000000083700000| PB 0x0000000083700000| Untracked 
|  56|0x0000000083800000, 0x0000000083800000, 0x0000000083900000|  0%| F|  |TAMS 0x0000000083800000| PB 0x0000000083800000| Untracked 
|  57|0x0000000083900000, 0x0000000083900000, 0x0000000083a00000|  0%| F|  |TAMS 0x0000000083900000| PB 0x0000000083900000| Untracked 
|  58|0x0000000083a00000, 0x0000000083a00000, 0x0000000083b00000|  0%| F|  |TAMS 0x0000000083a00000| PB 0x0000000083a00000| Untracked 
|  59|0x0000000083b00000, 0x0000000083b00000, 0x0000000083c00000|  0%| F|  |TAMS 0x0000000083b00000| PB 0x0000000083b00000| Untracked 
|  60|0x0000000083c00000, 0x0000000083c00000, 0x0000000083d00000|  0%| F|  |TAMS 0x0000000083c00000| PB 0x0000000083c00000| Untracked 
|  61|0x0000000083d00000, 0x0000000083d00000, 0x0000000083e00000|  0%| F|  |TAMS 0x0000000083d00000| PB 0x0000000083d00000| Untracked 
|  62|0x0000000083e00000, 0x0000000083e00000, 0x0000000083f00000|  0%| F|  |TAMS 0x0000000083e00000| PB 0x0000000083e00000| Untracked 
|  63|0x0000000083f00000, 0x0000000083f00000, 0x0000000084000000|  0%| F|  |TAMS 0x0000000083f00000| PB 0x0000000083f00000| Untracked 
|  64|0x0000000084000000, 0x0000000084000000, 0x0000000084100000|  0%| F|  |TAMS 0x0000000084000000| PB 0x0000000084000000| Untracked 
|  65|0x0000000084100000, 0x0000000084100000, 0x0000000084200000|  0%| F|  |TAMS 0x0000000084100000| PB 0x0000000084100000| Untracked 
|  66|0x0000000084200000, 0x0000000084200000, 0x0000000084300000|  0%| F|  |TAMS 0x0000000084200000| PB 0x0000000084200000| Untracked 
|  67|0x0000000084300000, 0x0000000084300000, 0x0000000084400000|  0%| F|  |TAMS 0x0000000084300000| PB 0x0000000084300000| Untracked 
|  68|0x0000000084400000, 0x0000000084400000, 0x0000000084500000|  0%| F|  |TAMS 0x0000000084400000| PB 0x0000000084400000| Untracked 
|  69|0x0000000084500000, 0x0000000084500000, 0x0000000084600000|  0%| F|  |TAMS 0x0000000084500000| PB 0x0000000084500000| Untracked 
|  70|0x0000000084600000, 0x0000000084600000, 0x0000000084700000|  0%| F|  |TAMS 0x0000000084600000| PB 0x0000000084600000| Untracked 
|  71|0x0000000084700000, 0x0000000084700000, 0x0000000084800000|  0%| F|  |TAMS 0x0000000084700000| PB 0x0000000084700000| Untracked 
|  72|0x0000000084800000, 0x0000000084800000, 0x0000000084900000|  0%| F|  |TAMS 0x0000000084800000| PB 0x0000000084800000| Untracked 
|  73|0x0000000084900000, 0x0000000084900000, 0x0000000084a00000|  0%| F|  |TAMS 0x0000000084900000| PB 0x0000000084900000| Untracked 
|  74|0x0000000084a00000, 0x0000000084a00000, 0x0000000084b00000|  0%| F|  |TAMS 0x0000000084a00000| PB 0x0000000084a00000| Untracked 
|  75|0x0000000084b00000, 0x0000000084b00000, 0x0000000084c00000|  0%| F|  |TAMS 0x0000000084b00000| PB 0x0000000084b00000| Untracked 
|  76|0x0000000084c00000, 0x0000000084c00000, 0x0000000084d00000|  0%| F|  |TAMS 0x0000000084c00000| PB 0x0000000084c00000| Untracked 
|  77|0x0000000084d00000, 0x0000000084d00000, 0x0000000084e00000|  0%| F|  |TAMS 0x0000000084d00000| PB 0x0000000084d00000| Untracked 
|  78|0x0000000084e00000, 0x0000000084e00000, 0x0000000084f00000|  0%| F|  |TAMS 0x0000000084e00000| PB 0x0000000084e00000| Untracked 
|  79|0x0000000084f00000, 0x0000000084f00000, 0x0000000085000000|  0%| F|  |TAMS 0x0000000084f00000| PB 0x0000000084f00000| Untracked 
|  80|0x0000000085000000, 0x0000000085000000, 0x0000000085100000|  0%| F|  |TAMS 0x0000000085000000| PB 0x0000000085000000| Untracked 
|  81|0x0000000085100000, 0x0000000085100000, 0x0000000085200000|  0%| F|  |TAMS 0x0000000085100000| PB 0x0000000085100000| Untracked 
|  82|0x0000000085200000, 0x0000000085200000, 0x0000000085300000|  0%| F|  |TAMS 0x0000000085200000| PB 0x0000000085200000| Untracked 
|  83|0x0000000085300000, 0x0000000085300000, 0x0000000085400000|  0%| F|  |TAMS 0x0000000085300000| PB 0x0000000085300000| Untracked 
|  84|0x0000000085400000, 0x0000000085400000, 0x0000000085500000|  0%| F|  |TAMS 0x0000000085400000| PB 0x0000000085400000| Untracked 
|  85|0x0000000085500000, 0x0000000085600000, 0x0000000085600000|100%| E|  |TAMS 0x0000000085500000| PB 0x0000000085500000| Complete 
|  86|0x0000000085600000, 0x0000000085700000, 0x0000000085700000|100%| E|CS|TAMS 0x0000000085600000| PB 0x0000000085600000| Complete 
|  87|0x0000000085700000, 0x0000000085800000, 0x0000000085800000|100%| E|CS|TAMS 0x0000000085700000| PB 0x0000000085700000| Complete 
|  88|0x0000000085800000, 0x0000000085900000, 0x0000000085900000|100%| E|CS|TAMS 0x0000000085800000| PB 0x0000000085800000| Complete 
|  89|0x0000000085900000, 0x0000000085a00000, 0x0000000085a00000|100%| E|CS|TAMS 0x0000000085900000| PB 0x0000000085900000| Complete 
|  90|0x0000000085a00000, 0x0000000085b00000, 0x0000000085b00000|100%| E|CS|TAMS 0x0000000085a00000| PB 0x0000000085a00000| Complete 
|  91|0x0000000085b00000, 0x0000000085c00000, 0x0000000085c00000|100%| E|CS|TAMS 0x0000000085b00000| PB 0x0000000085b00000| Complete 
|  92|0x0000000085c00000, 0x0000000085d00000, 0x0000000085d00000|100%| E|CS|TAMS 0x0000000085c00000| PB 0x0000000085c00000| Complete 
|  93|0x0000000085d00000, 0x0000000085e00000, 0x0000000085e00000|100%| E|CS|TAMS 0x0000000085d00000| PB 0x0000000085d00000| Complete 
|  94|0x0000000085e00000, 0x0000000085f00000, 0x0000000085f00000|100%| E|CS|TAMS 0x0000000085e00000| PB 0x0000000085e00000| Complete 
|  95|0x0000000085f00000, 0x0000000085fc5068, 0x0000000086000000| 76%| S|CS|TAMS 0x0000000085f00000| PB 0x0000000085f00000| Complete 
|  96|0x0000000086000000, 0x0000000086100000, 0x0000000086100000|100%| S|CS|TAMS 0x0000000086000000| PB 0x0000000086000000| Complete 
|  97|0x0000000086100000, 0x0000000086200000, 0x0000000086200000|100%| S|CS|TAMS 0x0000000086100000| PB 0x0000000086100000| Complete 
|  98|0x0000000086200000, 0x0000000086300000, 0x0000000086300000|100%| S|CS|TAMS 0x0000000086200000| PB 0x0000000086200000| Complete 
|  99|0x0000000086300000, 0x0000000086400000, 0x0000000086400000|100%| E|CS|TAMS 0x0000000086300000| PB 0x0000000086300000| Complete 
| 100|0x0000000086400000, 0x0000000086500000, 0x0000000086500000|100%| E|CS|TAMS 0x0000000086400000| PB 0x0000000086400000| Complete 
| 101|0x0000000086500000, 0x0000000086600000, 0x0000000086600000|100%| E|CS|TAMS 0x0000000086500000| PB 0x0000000086500000| Complete 
| 102|0x0000000086600000, 0x0000000086700000, 0x0000000086700000|100%| E|CS|TAMS 0x0000000086600000| PB 0x0000000086600000| Complete 
| 103|0x0000000086700000, 0x0000000086800000, 0x0000000086800000|100%| E|CS|TAMS 0x0000000086700000| PB 0x0000000086700000| Complete 
| 104|0x0000000086800000, 0x0000000086900000, 0x0000000086900000|100%| E|CS|TAMS 0x0000000086800000| PB 0x0000000086800000| Complete 
| 105|0x0000000086900000, 0x0000000086a00000, 0x0000000086a00000|100%| E|CS|TAMS 0x0000000086900000| PB 0x0000000086900000| Complete 
| 106|0x0000000086a00000, 0x0000000086b00000, 0x0000000086b00000|100%| E|CS|TAMS 0x0000000086a00000| PB 0x0000000086a00000| Complete 
| 107|0x0000000086b00000, 0x0000000086c00000, 0x0000000086c00000|100%| E|CS|TAMS 0x0000000086b00000| PB 0x0000000086b00000| Complete 
| 108|0x0000000086c00000, 0x0000000086d00000, 0x0000000086d00000|100%| E|CS|TAMS 0x0000000086c00000| PB 0x0000000086c00000| Complete 
| 109|0x0000000086d00000, 0x0000000086e00000, 0x0000000086e00000|100%| E|CS|TAMS 0x0000000086d00000| PB 0x0000000086d00000| Complete 
| 110|0x0000000086e00000, 0x0000000086f00000, 0x0000000086f00000|100%| E|CS|TAMS 0x0000000086e00000| PB 0x0000000086e00000| Complete 
| 111|0x0000000086f00000, 0x0000000087000000, 0x0000000087000000|100%| E|CS|TAMS 0x0000000086f00000| PB 0x0000000086f00000| Complete 
| 112|0x0000000087000000, 0x0000000087100000, 0x0000000087100000|100%| E|CS|TAMS 0x0000000087000000| PB 0x0000000087000000| Complete 
| 113|0x0000000087100000, 0x0000000087200000, 0x0000000087200000|100%| E|CS|TAMS 0x0000000087100000| PB 0x0000000087100000| Complete 
| 114|0x0000000087200000, 0x0000000087300000, 0x0000000087300000|100%| E|CS|TAMS 0x0000000087200000| PB 0x0000000087200000| Complete 
| 115|0x0000000087300000, 0x0000000087400000, 0x0000000087400000|100%| E|CS|TAMS 0x0000000087300000| PB 0x0000000087300000| Complete 
| 116|0x0000000087400000, 0x0000000087500000, 0x0000000087500000|100%| E|CS|TAMS 0x0000000087400000| PB 0x0000000087400000| Complete 
| 117|0x0000000087500000, 0x0000000087600000, 0x0000000087600000|100%| E|CS|TAMS 0x0000000087500000| PB 0x0000000087500000| Complete 
| 118|0x0000000087600000, 0x0000000087700000, 0x0000000087700000|100%| E|CS|TAMS 0x0000000087600000| PB 0x0000000087600000| Complete 
| 119|0x0000000087700000, 0x0000000087800000, 0x0000000087800000|100%| E|CS|TAMS 0x0000000087700000| PB 0x0000000087700000| Complete 
| 120|0x0000000087800000, 0x0000000087900000, 0x0000000087900000|100%| E|CS|TAMS 0x0000000087800000| PB 0x0000000087800000| Complete 
| 121|0x0000000087900000, 0x0000000087a00000, 0x0000000087a00000|100%| E|CS|TAMS 0x0000000087900000| PB 0x0000000087900000| Complete 
| 122|0x0000000087a00000, 0x0000000087b00000, 0x0000000087b00000|100%| E|CS|TAMS 0x0000000087a00000| PB 0x0000000087a00000| Complete 
| 123|0x0000000087b00000, 0x0000000087c00000, 0x0000000087c00000|100%| E|CS|TAMS 0x0000000087b00000| PB 0x0000000087b00000| Complete 
| 124|0x0000000087c00000, 0x0000000087d00000, 0x0000000087d00000|100%| E|CS|TAMS 0x0000000087c00000| PB 0x0000000087c00000| Complete 
| 125|0x0000000087d00000, 0x0000000087e00000, 0x0000000087e00000|100%| E|CS|TAMS 0x0000000087d00000| PB 0x0000000087d00000| Complete 
| 126|0x0000000087e00000, 0x0000000087f00000, 0x0000000087f00000|100%| E|CS|TAMS 0x0000000087e00000| PB 0x0000000087e00000| Complete 
| 127|0x0000000087f00000, 0x0000000088000000, 0x0000000088000000|100%| E|CS|TAMS 0x0000000087f00000| PB 0x0000000087f00000| Complete 

Card table byte_map: [0x0000021b31160000,0x0000021b31560000] _byte_map_base: 0x0000021b30d60000

Marking Bits: (CMBitMap*) 0x0000021b1dc55ae0
 Bits: [0x0000021b31560000, 0x0000021b33560000)

Polling page: 0x0000021b1bc40000

Metaspace:

Usage:
  Non-class:     10.57 MB used.
      Class:      1.37 MB used.
       Both:     11.94 MB used.

Virtual space:
  Non-class space:       64.00 MB reserved,      10.75 MB ( 17%) committed,  1 nodes.
      Class space:        1.00 GB reserved,       1.56 MB ( <1%) committed,  1 nodes.
             Both:        1.06 GB reserved,      12.31 MB (  1%) committed. 

Chunk freelists:
   Non-Class:  4.82 MB
       Class:  14.28 MB
        Both:  19.09 MB

MaxMetaspaceSize: unlimited
CompressedClassSpaceSize: 1.00 GB
Initial GC threshold: 21.00 MB
Current GC threshold: 21.00 MB
CDS: on
 - commit_granule_bytes: 65536.
 - commit_granule_words: 8192.
 - virtual_space_node_default_size: 8388608.
 - enlarge_chunks_in_place: 1.
 - use_allocation_guard: 0.


Internal statistics:

num_allocs_failed_limit: 0.
num_arena_births: 562.
num_arena_deaths: 0.
num_vsnodes_births: 2.
num_vsnodes_deaths: 0.
num_space_committed: 197.
num_space_uncommitted: 0.
num_chunks_returned_to_freelist: 0.
num_chunks_taken_from_freelist: 1078.
num_chunk_merges: 0.
num_chunk_splits: 661.
num_chunks_enlarged: 323.
num_inconsistent_stats: 0.

CodeHeap 'non-profiled nmethods': size=120000Kb used=1750Kb max_used=1750Kb free=118249Kb
 bounds [0x0000021b29720000, 0x0000021b29990000, 0x0000021b30c50000]
CodeHeap 'profiled nmethods': size=120000Kb used=7425Kb max_used=7425Kb free=112574Kb
 bounds [0x0000021b21c50000, 0x0000021b223a0000, 0x0000021b29180000]
CodeHeap 'non-nmethods': size=5760Kb used=1442Kb max_used=1518Kb free=4317Kb
 bounds [0x0000021b29180000, 0x0000021b293f0000, 0x0000021b29720000]
CodeCache: size=245760Kb, used=10617Kb, max_used=10693Kb, free=235140Kb
 total_blobs=4232, nmethods=3638, adapters=498, full_count=0
Compilation: enabled, stopped_count=0, restarted_count=0

Compilation events (20 events):
Event: 2150.046 Thread 0x0000021b35db9560 3632       3       sun.rmi.transport.tcp.TCPEndpoint::lambda$getHostnameProperty$2 (7 bytes)
Event: 2150.046 Thread 0x0000021b35db9560 nmethod 3632 0x0000021b22389b10 code [0x0000021b22389d00, 0x0000021b2238a050]
Event: 2150.053 Thread 0x0000021b35db35b0 nmethod 3621 0x0000021b298d1810 code [0x0000021b298d1bc0, 0x0000021b298d3250]
Event: 2150.053 Thread 0x0000021b35db35b0 3623       4       java.io.ObjectOutputStream$BlockDataOutputStream::writeLong (48 bytes)
Event: 2150.054 Thread 0x0000021b35db35b0 nmethod 3623 0x0000021b298d4610 code [0x0000021b298d47a0, 0x0000021b298d48d8]
Event: 2150.054 Thread 0x0000021b35db35b0 3625       4       java.util.HashMap::afterNodeRemoval (1 bytes)
Event: 2150.054 Thread 0x0000021b35db35b0 nmethod 3625 0x0000021b298d4a90 code [0x0000021b298d4c20, 0x0000021b298d4ca8]
Event: 2150.359 Thread 0x0000021b35db9560 3634   !   3       sun.rmi.transport.tcp.TCPEndpoint::getLocalEndpoint (261 bytes)
Event: 2150.359 Thread 0x0000021b35db35b0 3633 %     4       sun.security.provider.HashDrbg::addBytes @ 33 (130 bytes)
Event: 2150.360 Thread 0x0000021b35db9560 nmethod 3634 0x0000021b2238a190 code [0x0000021b2238a520, 0x0000021b2238bc38]
Event: 2150.360 Thread 0x0000021b35db9560 3635   !   3       sun.rmi.transport.tcp.TCPEndpoint::resampleLocalHost (81 bytes)
Event: 2150.361 Thread 0x0000021b35db9560 nmethod 3635 0x0000021b2238ca90 code [0x0000021b2238cd40, 0x0000021b2238d890]
Event: 2150.369 Thread 0x0000021b35db35b0 nmethod 3633% 0x0000021b298d4d90 code [0x0000021b298d4f40, 0x0000021b298d56e8]
Event: 2152.935 Thread 0x0000021b35db9560 3636   !   3       com.mysql.cj.protocol.a.NativeProtocol::send (136 bytes)
Event: 2152.935 Thread 0x0000021b35db9560 nmethod 3636 0x0000021b2238de10 code [0x0000021b2238e080, 0x0000021b2238ef40]
Event: 2152.935 Thread 0x0000021b35db9560 3637       3       com.mysql.cj.protocol.a.SimplePacketSender::send (75 bytes)
Event: 2152.936 Thread 0x0000021b35db9560 nmethod 3637 0x0000021b2238f590 code [0x0000021b2238f7e0, 0x0000021b2238fe50]
Event: 2152.936 Thread 0x0000021b35db9560 3638       3       com.mysql.cj.protocol.a.PacketSplitter::<init> (20 bytes)
Event: 2152.936 Thread 0x0000021b35db9560 nmethod 3638 0x0000021b22390110 code [0x0000021b223902c0, 0x0000021b22390438]
Event: 2197.211 Thread 0x0000021b35db35b0 3639   !   4       java.net.Socket$SocketInputStream::read (56 bytes)

GC Heap History (4 events):
Event: 0.671 GC heap before
{Heap before GC invocations=0 (full 0):
 garbage-first heap   total 131072K, used 23552K [0x0000000080000000, 0x0000000100000000)
  region size 1024K, 21 young (21504K), 0 survivors (0K)
 Metaspace       used 4289K, committed 4672K, reserved 1114112K
  class space    used 608K, committed 768K, reserved 1048576K
}
Event: 0.676 GC heap after
{Heap after GC invocations=1 (full 0):
 garbage-first heap   total 131072K, used 6912K [0x0000000080000000, 0x0000000100000000)
  region size 1024K, 3 young (3072K), 3 survivors (3072K)
 Metaspace       used 4289K, committed 4672K, reserved 1114112K
  class space    used 608K, committed 768K, reserved 1048576K
}
Event: 1.221 GC heap before
{Heap before GC invocations=1 (full 0):
 garbage-first heap   total 131072K, used 32512K [0x0000000080000000, 0x0000000100000000)
  region size 1024K, 29 young (29696K), 3 survivors (3072K)
 Metaspace       used 11144K, committed 11520K, reserved 1114112K
  class space    used 1356K, committed 1536K, reserved 1048576K
}
Event: 1.225 GC heap after
{Heap after GC invocations=2 (full 0):
 garbage-first heap   total 131072K, used 11018K [0x0000000080000000, 0x0000000100000000)
  region size 1024K, 4 young (4096K), 4 survivors (4096K)
 Metaspace       used 11144K, committed 11520K, reserved 1114112K
  class space    used 1356K, committed 1536K, reserved 1048576K
}

Dll operation events (2 events):
Event: 0.012 Loaded shared library C:\Users\adouillard2025\AppData\Local\Programs\PhpStorm\jbr\bin\java.dll
Event: 0.144 Loaded shared library C:\Users\adouillard2025\AppData\Local\Programs\PhpStorm\jbr\bin\zip.dll

Deoptimization events (20 events):
Event: 962.093 Thread 0x0000021b7c57a3d0 DEOPT PACKING pc=0x0000021b2980d800 sp=0x00000095145fe2d0
Event: 962.093 Thread 0x0000021b7c57a3d0 DEOPT UNPACKING pc=0x0000021b291d4422 sp=0x00000095145fe260 mode 2
Event: 979.525 Thread 0x0000021b7c57a3d0 DEOPT PACKING pc=0x0000021b22262037 sp=0x00000095145fd730
Event: 979.525 Thread 0x0000021b7c57a3d0 DEOPT UNPACKING pc=0x0000021b291d4bc2 sp=0x00000095145fcba8 mode 0
Event: 979.528 Thread 0x0000021b7c57a3d0 DEOPT PACKING pc=0x0000021b222b2549 sp=0x00000095145fe1b0
Event: 979.528 Thread 0x0000021b7c57a3d0 DEOPT UNPACKING pc=0x0000021b291d4bc2 sp=0x00000095145fd620 mode 0
Event: 979.529 Thread 0x0000021b7c57a3d0 Uncommon trap: trap_request=0xffffff6e fr.pc=0x0000021b2986adb4 relative=0x0000000000000354
Event: 979.529 Thread 0x0000021b7c57a3d0 Uncommon trap: reason=loop_limit_check action=maybe_recompile pc=0x0000021b2986adb4 method=java.util.regex.Pattern$Start.match(Ljava/util/regex/Matcher;ILjava/lang/CharSequence;)Z @ 34 c2
Event: 979.529 Thread 0x0000021b7c57a3d0 DEOPT PACKING pc=0x0000021b2986adb4 sp=0x00000095145fe730
Event: 979.529 Thread 0x0000021b7c57a3d0 DEOPT UNPACKING pc=0x0000021b291d4422 sp=0x00000095145fe650 mode 2
Event: 979.902 Thread 0x0000021b7c57a3d0 DEOPT PACKING pc=0x0000021b22262037 sp=0x00000095145fe1d0
Event: 979.902 Thread 0x0000021b7c57a3d0 DEOPT UNPACKING pc=0x0000021b291d4bc2 sp=0x00000095145fd648 mode 0
Event: 1556.938 Thread 0x0000021b7c57a3d0 DEOPT PACKING pc=0x0000021b22261e99 sp=0x00000095145fd800
Event: 1556.938 Thread 0x0000021b7c57a3d0 DEOPT UNPACKING pc=0x0000021b291d4bc2 sp=0x00000095145fcc78 mode 0
Event: 1567.808 Thread 0x0000021b7c57a3d0 DEOPT PACKING pc=0x0000021b21f80132 sp=0x00000095145fd470
Event: 1567.808 Thread 0x0000021b7c57a3d0 DEOPT UNPACKING pc=0x0000021b291d4bc2 sp=0x00000095145fc8f8 mode 0
Event: 1567.809 Thread 0x0000021b7c57a3d0 DEOPT PACKING pc=0x0000021b21f8005a sp=0x00000095145fd3a0
Event: 1567.809 Thread 0x0000021b7c57a3d0 DEOPT UNPACKING pc=0x0000021b291d4bc2 sp=0x00000095145fc828 mode 0
Event: 1567.842 Thread 0x0000021b7c57a3d0 DEOPT PACKING pc=0x0000021b222b2549 sp=0x00000095145fdc80
Event: 1567.842 Thread 0x0000021b7c57a3d0 DEOPT UNPACKING pc=0x0000021b291d4bc2 sp=0x00000095145fd0f0 mode 0

Classes loaded (20 events):
Event: 0.975 Loading class javax/security/auth/callback/UnsupportedCallbackException
Event: 0.975 Loading class javax/security/auth/callback/UnsupportedCallbackException done
Event: 0.975 Loading class javax/security/auth/login/Configuration
Event: 0.975 Loading class javax/security/auth/login/Configuration done
Event: 0.976 Loading class javax/security/auth/callback/Callback
Event: 0.976 Loading class javax/security/auth/callback/Callback done
Event: 1.082 Loading class java/lang/invoke/BoundMethodHandle$Species_LI
Event: 1.082 Loading class java/lang/invoke/BoundMethodHandle$Species_LI done
Event: 1.491 Loading class java/io/ObjectOutputStream$PutFieldImpl
Event: 1.491 Loading class java/io/ObjectOutputStream$PutField
Event: 1.491 Loading class java/io/ObjectOutputStream$PutField done
Event: 1.491 Loading class java/io/ObjectOutputStream$PutFieldImpl done
Event: 962.083 Loading class sun/util/resources/LocaleData$CommonResourceBundleProvider
Event: 962.083 Loading class sun/util/resources/LocaleData$LocaleDataResourceBundleProvider
Event: 962.084 Loading class java/util/spi/ResourceBundleProvider
Event: 962.084 Loading class java/util/spi/ResourceBundleProvider done
Event: 962.084 Loading class sun/util/resources/LocaleData$LocaleDataResourceBundleProvider done
Event: 962.084 Loading class sun/util/resources/LocaleData$CommonResourceBundleProvider done
Event: 962.084 Loading class sun/util/resources/Bundles$2
Event: 962.084 Loading class sun/util/resources/Bundles$2 done

Classes unloaded (0 events):
No events

Classes redefined (0 events):
No events

Internal exceptions (20 events):
Event: 1.095 Thread 0x0000021b7c57a3d0 Exception <a 'java/lang/NoSuchMethodError'{0x0000000086b6e468}: 'void java.lang.invoke.DirectMethodHandle$Holder.invokeInterface(java.lang.Object, java.lang.Object, int)'> (0x0000000086b6e468) 
thrown [s\src\hotspot\share\interpreter\linkResolver.cpp, line 784]
Event: 1.095 Thread 0x0000021b7c57a3d0 Exception <a 'java/lang/NoSuchMethodError'{0x0000000086b722f0}: 'void java.lang.invoke.DelegatingMethodHandle$Holder.reinvoke_L(java.lang.Object, java.lang.Object, int)'> (0x0000000086b722f0) 
thrown [s\src\hotspot\share\interpreter\linkResolver.cpp, line 784]
Event: 1.128 Thread 0x0000021b7c57a3d0 Exception <a 'java/lang/NoSuchMethodError'{0x0000000086659bb8}: 'java.lang.Object java.lang.invoke.DirectMethodHandle$Holder.invokeInterface(java.lang.Object, java.lang.Object, int)'> (0x0000000086659bb8) 
thrown [s\src\hotspot\share\interpreter\linkResolver.cpp, line 784]
Event: 1.155 Thread 0x0000021b7c57a3d0 Exception <a 'java/lang/NoSuchMethodError'{0x00000000865a0028}: static Lcom/intellij/database/remote/jdba/core/ConnectionInfo;.<clinit>()V> (0x00000000865a0028) 
thrown [s\src\hotspot\share\prims\jni.cpp, line 1144]
Event: 1.156 Thread 0x0000021b7c57a3d0 Exception <a 'java/lang/NoSuchMethodError'{0x00000000865aab80}: static Ljava/lang/Object;.<clinit>()V> (0x00000000865aab80) 
thrown [s\src\hotspot\share\prims\jni.cpp, line 1144]
Event: 1.156 Thread 0x0000021b7c57a3d0 Exception <a 'java/lang/NoSuchMethodError'{0x00000000865af160}: static [I.<clinit>()V> (0x00000000865af160) 
thrown [s\src\hotspot\share\prims\jni.cpp, line 1144]
Event: 1.162 Thread 0x0000021b7c57a3d0 Exception <a 'java/lang/NoSuchMethodError'{0x00000000865d37f0}: 'java.lang.Object java.lang.invoke.DirectMethodHandle$Holder.invokeInterface(java.lang.Object, java.lang.Object, java.lang.Object, java.lang.Object)'> (0x00000000865d37f0) 
thrown [s\src\hotspot\share\interpreter\linkResolver.cpp, line 784]
Event: 1.179 Thread 0x0000021b7c57a3d0 Exception <a 'java/lang/NoSuchMethodError'{0x00000000864dabd0}: static Lcom/intellij/database/remote/jdba/core/ResultLayout;.<clinit>()V> (0x00000000864dabd0) 
thrown [s\src\hotspot\share\prims\jni.cpp, line 1144]
Event: 1.180 Thread 0x0000021b7c57a3d0 Exception <a 'java/lang/NoSuchMethodError'{0x00000000864e7d98}: static Lcom/intellij/database/remote/jdba/core/RowLayout;.<clinit>()V> (0x00000000864e7d98) 
thrown [s\src\hotspot\share\prims\jni.cpp, line 1144]
Event: 1.180 Thread 0x0000021b7c57a3d0 Exception <a 'java/lang/NoSuchMethodError'{0x00000000864f3888}: static Lcom/intellij/database/remote/jdba/util/NameAndClass;.<clinit>()V> (0x00000000864f3888) 
thrown [s\src\hotspot\share\prims\jni.cpp, line 1144]
Event: 1.181 Thread 0x0000021b7c57a3d0 Exception <a 'java/lang/NoSuchMethodError'{0x00000000864f6598}: 'java.lang.Object java.lang.invoke.DirectMethodHandle$Holder.invokeInterface(java.lang.Object, java.lang.Object, int, java.lang.Object)'> (0x00000000864f6598) 
thrown [s\src\hotspot\share\interpreter\linkResolver.cpp, line 784]
Event: 1.181 Thread 0x0000021b7c57a3d0 Exception <a 'java/lang/NoSuchMethodError'{0x00000000864fa738}: 'java.lang.Object java.lang.invoke.DirectMethodHandle$Holder.invokeSpecial(java.lang.Object, java.lang.Object, java.lang.Object, int, java.lang.Object)'> (0x00000000864fa738) 
thrown [s\src\hotspot\share\interpreter\linkResolver.cpp, line 784]
Event: 1.210 Thread 0x0000021b7c57a3d0 Exception <a 'java/lang/NoSuchMethodError'{0x00000000863b5780}: static [Ljava/lang/String;.<clinit>()V> (0x00000000863b5780) 
thrown [s\src\hotspot\share\prims\jni.cpp, line 1144]
Event: 1.220 Thread 0x0000021b7c57a3d0 Exception <a 'java/lang/NoSuchMethodError'{0x00000000863f6b28}: static [Ljava/lang/Object;.<clinit>()V> (0x00000000863f6b28) 
thrown [s\src\hotspot\share\prims\jni.cpp, line 1144]
Event: 802.474 Thread 0x0000021b7c57a3d0 Implicit null exception at 0x0000021b2981e787 to 0x0000021b2981f054
Event: 802.519 Thread 0x0000021b7c57a3d0 Exception <a 'java/lang/NoSuchMethodError'{0x00000000872ad628}: 'int java.lang.invoke.DirectMethodHandle$Holder.invokeInterface(java.lang.Object, java.lang.Object, int, int)'> (0x00000000872ad628) 
thrown [s\src\hotspot\share\interpreter\linkResolver.cpp, line 784]
Event: 802.522 Thread 0x0000021b7c57a3d0 Exception <a 'java/lang/NoSuchMethodError'{0x00000000872c8408}: static Lcom/intellij/database/remote/jdbc/RemoteResultSet$DataRetrievingOptions;.<clinit>()V> (0x00000000872c8408) 
thrown [s\src\hotspot\share\prims\jni.cpp, line 1144]
Event: 962.093 Thread 0x0000021b7c57a3d0 Exception <a 'java/lang/NoSuchMethodError'{0x0000000086d04068}: static Lcom/intellij/database/remote/jdbc/impl/UnparsedValue;.<clinit>()V> (0x0000000086d04068) 
thrown [s\src\hotspot\share\prims\jni.cpp, line 1144]
Event: 1004.067 Thread 0x0000021b7c57a3d0 Exception <a 'java/io/IOException'{0x0000000086a21970}> (0x0000000086a21970) 
thrown [s\src\hotspot\share\prims\jni.cpp, line 537]
Event: 1024.648 Thread 0x0000021b7c57a3d0 Exception <a 'java/io/IOException'{0x00000000867ba308}> (0x00000000867ba308) 
thrown [s\src\hotspot\share\prims\jni.cpp, line 537]

ZGC Phase Switch (0 events):
No events

VM Operations (20 events):
Event: 1624.094 Executing VM operation: HandshakeAllThreads (HandshakeForDeflation)
Event: 1624.094 Executing VM operation: HandshakeAllThreads (HandshakeForDeflation) done
Event: 1624.094 Executing VM operation: RendezvousGCThreads
Event: 1624.094 Executing VM operation: RendezvousGCThreads done
Event: 1896.226 Executing VM operation: Cleanup
Event: 1896.226 Executing VM operation: Cleanup done
Event: 1951.255 Executing VM operation: Cleanup
Event: 1951.255 Executing VM operation: Cleanup done
Event: 1953.256 Executing VM operation: Cleanup
Event: 1953.256 Executing VM operation: Cleanup done
Event: 1984.794 Executing VM operation: HandshakeAllThreads (HandshakeForDeflation)
Event: 1984.794 Executing VM operation: HandshakeAllThreads (HandshakeForDeflation) done
Event: 1984.794 Executing VM operation: RendezvousGCThreads
Event: 1984.794 Executing VM operation: RendezvousGCThreads done
Event: 2150.873 Executing VM operation: Cleanup
Event: 2150.874 Executing VM operation: Cleanup done
Event: 2165.313 Executing VM operation: HandshakeAllThreads (HandshakeForDeflation)
Event: 2165.313 Executing VM operation: HandshakeAllThreads (HandshakeForDeflation) done
Event: 2165.313 Executing VM operation: RendezvousGCThreads
Event: 2165.313 Executing VM operation: RendezvousGCThreads done

Memory protections (0 events):
No events

Nmethod flushes (0 events):
No events

Events (20 events):
Event: 1951.493 Thread 0x0000021b7c57a3d0 Thread added: 0x0000021b7c57f290
Event: 1951.493 Thread 0x0000021b7c57a3d0 Thread added: 0x0000021b7c579d40
Event: 1951.495 Thread 0x0000021b7c579d40 Thread exited: 0x0000021b7c579d40
Event: 1951.496 Thread 0x0000021b7c57be10 Thread exited: 0x0000021b7c57be10
Event: 1951.496 Thread 0x0000021b7c57ec00 Thread exited: 0x0000021b7c57ec00
Event: 1951.496 Thread 0x0000021b7c57f290 Thread exited: 0x0000021b7c57f290
Event: 1980.607 Thread 0x0000021b7c57a3d0 Thread added: 0x0000021b7c57d1c0
Event: 1980.619 Thread 0x0000021b7c57d1c0 Thread exited: 0x0000021b7c57d1c0
Event: 1983.886 Thread 0x0000021b7c57a3d0 Thread added: 0x0000021b7c57d850
Event: 1983.886 Thread 0x0000021b7c57d850 Thread exited: 0x0000021b7c57d850
Event: 2175.370 Thread 0x0000021b7c57a3d0 Thread added: 0x0000021b7c57b0f0
Event: 2175.370 Thread 0x0000021b7c57a3d0 Thread added: 0x0000021b7c579d40
Event: 2175.370 Thread 0x0000021b7c57a3d0 Thread added: 0x0000021b7c57ec00
Event: 2175.370 Thread 0x0000021b7c57a3d0 Thread added: 0x0000021b7c57f290
Event: 2175.370 Thread 0x0000021b7c57a3d0 Thread added: 0x0000021b7c57d1c0
Event: 2175.384 Thread 0x0000021b7c57f290 Thread exited: 0x0000021b7c57f290
Event: 2175.390 Thread 0x0000021b7c57d1c0 Thread exited: 0x0000021b7c57d1c0
Event: 2175.393 Thread 0x0000021b7c57b0f0 Thread exited: 0x0000021b7c57b0f0
Event: 2175.400 Thread 0x0000021b7c57ec00 Thread exited: 0x0000021b7c57ec00
Event: 2175.405 Thread 0x0000021b7c579d40 Thread exited: 0x0000021b7c579d40


Dynamic libraries:
0x00007ff7db190000 - 0x00007ff7db19a000 	C:\Users\adouillard2025\AppData\Local\Programs\PhpStorm\jbr\bin\java.exe
0x00007ffdd0c20000 - 0x00007ffdd0e0e000 	C:\windows\SYSTEM32\ntdll.dll
0x00007ffdce4a0000 - 0x00007ffdce553000 	C:\windows\System32\KERNEL32.DLL
0x00007ffdcd8f0000 - 0x00007ffdcdb8d000 	C:\windows\System32\KERNELBASE.dll
0x00007ffdcd420000 - 0x00007ffdcd51a000 	C:\windows\System32\ucrtbase.dll
0x00007ffda3550000 - 0x00007ffda356b000 	C:\Users\adouillard2025\AppData\Local\Programs\PhpStorm\jbr\bin\VCRUNTIME140.dll
0x00007ffdb4500000 - 0x00007ffdb4518000 	C:\Users\adouillard2025\AppData\Local\Programs\PhpStorm\jbr\bin\jli.dll
0x00007ffdce560000 - 0x00007ffdce6f7000 	C:\windows\System32\USER32.dll
0x00007ffdcd3e0000 - 0x00007ffdcd400000 	C:\windows\System32\win32u.dll
0x00007ffdb9d50000 - 0x00007ffdb9fc9000 	C:\windows\WinSxS\amd64_microsoft.windows.common-controls_6595b64144ccf1df_6.0.17763.6189_none_de75211c5347e0e8\COMCTL32.dll
0x00007ffdce2b0000 - 0x00007ffdce2d9000 	C:\windows\System32\GDI32.dll
0x00007ffdce700000 - 0x00007ffdce79e000 	C:\windows\System32\msvcrt.dll
0x00007ffdcdb90000 - 0x00007ffdcdd38000 	C:\windows\System32\gdi32full.dll
0x00007ffdcde50000 - 0x00007ffdce17a000 	C:\windows\System32\combase.dll
0x00007ffdd0430000 - 0x00007ffdd0548000 	C:\windows\System32\RPCRT4.dll
0x00007ffdcd650000 - 0x00007ffdcd6f0000 	C:\windows\System32\msvcp_win.dll
0x00007ffdcd520000 - 0x00007ffdcd5a2000 	C:\windows\System32\bcryptPrimitives.dll
0x00007ffdceb70000 - 0x00007ffdceb9e000 	C:\windows\System32\IMM32.DLL
0x00007ffdcaaa0000 - 0x00007ffdcaaac000 	C:\Users\adouillard2025\AppData\Local\Programs\PhpStorm\jbr\bin\vcruntime140_1.dll
0x00007ffda39b0000 - 0x00007ffda3a3d000 	C:\Users\adouillard2025\AppData\Local\Programs\PhpStorm\jbr\bin\msvcp140.dll
0x00007ffd52040000 - 0x00007ffd52e0d000 	C:\Users\adouillard2025\AppData\Local\Programs\PhpStorm\jbr\bin\server\jvm.dll
0x00007ffdd0b40000 - 0x00007ffdd0be8000 	C:\windows\System32\ADVAPI32.dll
0x00007ffdcea40000 - 0x00007ffdceae2000 	C:\windows\System32\sechost.dll
0x00007ffdcd620000 - 0x00007ffdcd646000 	C:\windows\System32\bcrypt.dll
0x00007ffdccbc0000 - 0x00007ffdccc1d000 	C:\windows\System32\POWRPROF.dll
0x00007ffdd0570000 - 0x00007ffdd05dd000 	C:\windows\System32\WS2_32.dll
0x00007ffdc6da0000 - 0x00007ffdc6daa000 	C:\windows\SYSTEM32\VERSION.dll
0x00007ffdca3c0000 - 0x00007ffdca3e4000 	C:\windows\SYSTEM32\WINMM.dll
0x00007ffdca390000 - 0x00007ffdca3bd000 	C:\windows\SYSTEM32\winmmbase.dll
0x00007ffdcdd40000 - 0x00007ffdcdd8a000 	C:\windows\System32\cfgmgr32.dll
0x00007ffdccc20000 - 0x00007ffdccc31000 	C:\windows\System32\kernel.appcore.dll
0x00007ffdc6d80000 - 0x00007ffdc6d8a000 	C:\Users\adouillard2025\AppData\Local\Programs\PhpStorm\jbr\bin\jimage.dll
0x00007ffdba570000 - 0x00007ffdba75d000 	C:\windows\SYSTEM32\DBGHELP.DLL
0x00007ffdb8700000 - 0x00007ffdb872a000 	C:\windows\SYSTEM32\dbgcore.DLL
0x00007ffda3530000 - 0x00007ffda3550000 	C:\Users\adouillard2025\AppData\Local\Programs\PhpStorm\jbr\bin\java.dll
0x00007ffdcef30000 - 0x00007ffdd0428000 	C:\windows\System32\SHELL32.dll
0x00007ffdcedd0000 - 0x00007ffdcee77000 	C:\windows\System32\shcore.dll
0x00007ffdccc90000 - 0x00007ffdcd3d8000 	C:\windows\System32\windows.storage.dll
0x00007ffdccc40000 - 0x00007ffdccc63000 	C:\windows\System32\profapi.dll
0x00007ffdceb00000 - 0x00007ffdceb52000 	C:\windows\System32\shlwapi.dll
0x00007ffdcd400000 - 0x00007ffdcd41b000 	C:\windows\System32\cryptsp.dll
0x00007ffdc6c20000 - 0x00007ffdc6c30000 	C:\Users\adouillard2025\AppData\Local\Programs\PhpStorm\jbr\bin\net.dll
0x00007ffdc8d70000 - 0x00007ffdc8e6d000 	C:\windows\SYSTEM32\WINHTTP.dll
0x00007ffdcc3b0000 - 0x00007ffdcc417000 	C:\windows\system32\mswsock.dll
0x00007ffda34f0000 - 0x00007ffda3506000 	C:\Users\adouillard2025\AppData\Local\Programs\PhpStorm\jbr\bin\nio.dll
0x00007ffda3510000 - 0x00007ffda3528000 	C:\Users\adouillard2025\AppData\Local\Programs\PhpStorm\jbr\bin\zip.dll
0x00007ffdcc0a0000 - 0x00007ffdcc0dd000 	C:\windows\SYSTEM32\IPHLPAPI.DLL
0x00007ffdcde40000 - 0x00007ffdcde48000 	C:\windows\System32\NSI.dll
0x00007ffdcbf10000 - 0x00007ffdcbf43000 	C:\windows\system32\rsaenh.dll
0x00007ffdccaf0000 - 0x00007ffdccb19000 	C:\windows\SYSTEM32\USERENV.dll
0x00007ffdcc580000 - 0x00007ffdcc58c000 	C:\windows\SYSTEM32\CRYPTBASE.dll
0x00007ffda3240000 - 0x00007ffda3249000 	C:\Users\adouillard2025\AppData\Local\Programs\PhpStorm\jbr\bin\extnet.dll
0x00007ffdb4830000 - 0x00007ffdb4837000 	C:\Users\adouillard2025\AppData\Local\Programs\PhpStorm\jbr\bin\rmi.dll
0x00007ffdcc0e0000 - 0x00007ffdcc1a6000 	C:\windows\SYSTEM32\DNSAPI.dll
0x00007ffdc6f30000 - 0x00007ffdc6f3a000 	C:\Windows\System32\rasadhlp.dll
0x00007ffdc8e80000 - 0x00007ffdc8ef9000 	C:\windows\System32\fwpuclnt.dll
0x00007ffda3260000 - 0x00007ffda326e000 	C:\Users\adouillard2025\AppData\Local\Programs\PhpStorm\jbr\bin\sunmscapi.dll
0x00007ffdcd6f0000 - 0x00007ffdcd8ee000 	C:\windows\System32\CRYPT32.dll
0x00007ffdccc70000 - 0x00007ffdccc82000 	C:\windows\System32\MSASN1.dll
0x00007ffdcc680000 - 0x00007ffdcc6ac000 	C:\windows\SYSTEM32\ncrypt.dll
0x00007ffdcc640000 - 0x00007ffdcc67c000 	C:\windows\SYSTEM32\NTASN1.dll

JVMTI agents: none

dbghelp: loaded successfully - version: 4.0.5 - missing functions: none
symbol engine: initialized successfully - sym options: 0x614 - pdb path: .;C:\Users\adouillard2025\AppData\Local\Programs\PhpStorm\jbr\bin;C:\windows\SYSTEM32;C:\windows\WinSxS\amd64_microsoft.windows.common-controls_6595b64144ccf1df_6.0.17763.6189_none_de75211c5347e0e8;C:\Users\adouillard2025\AppData\Local\Programs\PhpStorm\jbr\bin\server

VM Arguments:
jvm_args: -Djava.rmi.server.hostname=127.0.0.1 -Duser.timezone=UTC -Xmx2048m -Xms128m --add-exports=java.desktop/sun.awt=ALL-UNNAMED --add-exports=java.desktop/java.awt.peer=ALL-UNNAMED --add-opens=java.desktop/java.awt=ALL-UNNAMED --add-opens=jdk.unsupported/sun.misc=ALL-UNNAMED --add-opens=java.base/java.nio=ALL-UNNAMED --add-opens=java.base/java.util=ALL-UNNAMED -Dfile.encoding=UTF-8 -Dsun.stdout.encoding=UTF-8 -Dsun.stderr.encoding=UTF-8 
java_command: com.intellij.database.remote.RemoteJdbcServer com.mysql.cj.jdbc.Driver
java_class_path (initial): C:\Users\adouillard2025\AppData\Local\Programs\PhpStorm\lib\util_rt.jar;C:\Users\adouillard2025\AppData\Local\Programs\PhpStorm\lib\module-intellij.libraries.fastutil.jar;C:\Users\adouillard2025\AppData\Local\Programs\PhpStorm\lib\groovy.jar;C:\Users\adouillard2025\AppData\Local\Programs\PhpStorm\plugins\DatabaseTools\lib\modules\intellij.database.jdbcConsole.jar;C:\Users\adouillard2025\AppData\Local\Programs\PhpStorm\lib\modules\intellij.grid.types.jar;C:\Users\adouillard2025\AppData\Local\Programs\PhpStorm\lib\util.jar;C:\Users\adouillard2025\AppData\Local\Programs\PhpStorm\lib\module-intellij.libraries.bouncy.castle.provider.jar
Launcher Type: SUN_STANDARD

[Global flags]
     intx CICompilerCount                          = 3                                         {product} {ergonomic}
     uint ConcGCThreads                            = 2                                         {product} {ergonomic}
     uint G1ConcRefinementThreads                  = 6                                         {product} {ergonomic}
   size_t G1HeapRegionSize                         = 1048576                                   {product} {ergonomic}
    uintx GCDrainStackTargetSize                   = 64                                        {product} {ergonomic}
   size_t InitialHeapSize                          = 134217728                                 {product} {command line}
   size_t MarkStackSize                            = 4194304                                   {product} {ergonomic}
   size_t MaxHeapSize                              = 2147483648                                {product} {command line}
   size_t MaxNewSize                               = 1287651328                                {product} {ergonomic}
   size_t MinHeapDeltaBytes                        = 1048576                                   {product} {ergonomic}
   size_t MinHeapSize                              = 134217728                                 {product} {command line}
    uintx NonNMethodCodeHeapSize                   = 5832780                                {pd product} {ergonomic}
    uintx NonProfiledCodeHeapSize                  = 122912730                              {pd product} {ergonomic}
    uintx ProfiledCodeHeapSize                     = 122912730                              {pd product} {ergonomic}
    uintx ReservedCodeCacheSize                    = 251658240                              {pd product} {ergonomic}
     bool SegmentedCodeCache                       = true                                      {product} {ergonomic}
   size_t SoftMaxHeapSize                          = 2147483648                             {manageable} {ergonomic}
     bool UseCompressedOops                        = true                           {product lp64_product} {ergonomic}
     bool UseG1GC                                  = true                                      {product} {ergonomic}
     bool UseLargePagesIndividualAllocation        = false                                  {pd product} {ergonomic}

Logging:
Log output configuration:
 #0: stdout all=warning uptime,level,tags foldmultilines=false
 #1: stderr all=off uptime,level,tags foldmultilines=false

Release file:
JAVA_VERSION="21.0.9" 
MODULES="java.base java.datatransfer java.xml java.prefs java.desktop gluegen.rt java.compiler java.instrument java.logging java.management java.security.sasl java.naming java.rmi java.management.rmi java.net.http java.scripting java.security.jgss java.transaction.xa java.sql java.sql.rowset java.xml.crypto java.se java.smartcardio jogl.all jcef jdk.accessibility jdk.internal.jvmstat jdk.attach jdk.charsets jdk.internal.opt jdk.zipfs jdk.compiler jdk.crypto.ec jdk.crypto.cryptoki jdk.crypto.mscapi jdk.dynalink jdk.hotspot.agent jdk.httpserver jdk.internal.ed jdk.internal.le jdk.internal.vm.ci jdk.javadoc jdk.jcmd jdk.jdwp.agent jdk.jdi jdk.jfr jdk.jsobject jdk.localedata jdk.management jdk.management.agent jdk.management.jfr jdk.naming.dns jdk.naming.rmi jdk.net jdk.sctp jdk.security.auth jdk.security.jgss jdk.unsupported jdk.unsupported.desktop jdk.xml.dom" 
IMPLEMENTOR="JetBrains s.r.o." 
IMPLEMENTOR_VERSION="JBR-21.0.9+1-1163.94-jcef" 
JAVA_RUNTIME_VERSION="21.0.9+1-b1163.94" 
LIBC="default" 
OS_ARCH="x86_64" 
OS_NAME="Windows" 
SOURCE=".:git:5d82c7fa6abe+ jcef_git:git:4a605f44671a" 
JCEF_VERSION="137.0.17.1087+g722a58e" 
JCEF_COMMIT_HASH="722a58ea148c6577a6b7e379036edec01083f004" 

Environment Variables:
JAVA_HOME=D:\Java\jdk-21.0.2
PATH=D:\Java\jdk-21.0.2\bin;C:\Program Files (x86)\Common Files\Oracle\Java\javapath;C:\Program Files (x86)\VMware\VMware Workstation\bin\;C:\Program Files\Microsoft\jdk-11.0.12.7-hotspot\bin;C:\Program Files\Eclipse Foundation\jdk-8.0.302.8-hotspot\bin;C:\Program Files\Microsoft MPI\Bin\;C:\windows\system32;C:\windows;C:\windows\System32\Wbem;C:\windows\System32\WindowsPowerShell\v1.0\;C:\windows\System32\OpenSSH\;C:\Program Files\Microsoft SQL Server\Client SDK\ODBC\170\Tools\Binn\;C:\Program Files\dotnet\;C:\Program Files (x86)\Microsoft SQL Server\150\DTS\Binn\;C:\Program Files\Microsoft SQL Server\150\DTS\Binn\;C:\Program Files (x86)\Microsoft SQL Server\150\Tools\Binn\;C:\Program Files\Microsoft SQL Server\150\Tools\Binn\;C:\Program Files (x86)\Microsoft SQL Server\160\DTS\Binn\;C:\windows\system32;C:\windows;C:\windows\System32\Wbem;C:\windows\System32\WindowsPowerShell\v1.0\;C:\windows\System32\OpenSSH\;C:\Program Files\Git\cmd;C:\Program Files\nodejs\;D:\Java\gradle-9.2.1\bin;C:\wamp64\bin\php\php8.3.14;C:\ProgramData\ComposerSetup\bin;C:\Users\adouillard2025\AppData\Local\Microsoft\WindowsApps;C:\Users\adouillard2025\AppData\Local\JetBrains\Toolbox\scripts;C:\Users\adouillard2025\AppData\Roaming\npm;C:\Users\adouillard2025\AppData\Roaming\Composer\vendor\bin
USERNAME=adouillard2025
OS=Windows_NT
PROCESSOR_IDENTIFIER=Intel64 Family 6 Model 158 Stepping 10, GenuineIntel
TMP=C:\Users\ADOUIL~1\AppData\Local\Temp\1
TEMP=C:\Users\ADOUIL~1\AppData\Local\Temp\1




Periodic native trim disabled

JNI global refs:
JNI global refs: 16, weak refs: 0

JNI global refs memory usage: 835, weak refs: 201

Process memory usage:
Resident Set Size: 45308K (0% of 33345840K total physical memory with 1412796K free physical memory)

OOME stack traces (most recent first):
Classloader memory used:
Loader bootstrap                                                                       : 4372K
Loader jdk.internal.loader.ClassLoaders$AppClassLoader                                 : 3612K
Loader com.intellij.database.remote.jdbc.impl.JdbcClassLoader$JdbcClassLoaderImpl      : 3235K
Loader jdk.internal.loader.ClassLoaders$PlatformClassLoader                            : 830K
Loader jdk.internal.reflect.DelegatingClassLoader                                      : 171K

---------------  S Y S T E M  ---------------

OS:
 Windows Server 2019 , 64 bit Build 17763 (10.0.17763.6189)
OS uptime: 0 days 8:11 hours

CPU: total 6 (initial active 6) (6 cores per cpu, 1 threads per core) family 6 model 158 stepping 10 microcode 0xde, cx8, cmov, fxsr, mmx, 3dnowpref, sse, sse2, sse3, ssse3, sse4.1, sse4.2, popcnt, lzcnt, tsc, tscinvbit, avx, avx2, aes, erms, clmul, bmi1, bmi2, adx, fma, vzeroupper, clflush, clflushopt, rdtscp, f16c
Processor Information for the first 6 processors :
  Max Mhz: 2808, Current Mhz: 2808, Mhz Limit: 2808

Memory: 4k page, system-wide physical 32564M (922M free)
TotalPageFile size 52564M (AvailPageFile size 4M)
current process WorkingSet (physical memory assigned to process): 50M, peak: 143M
current process commit charge ("private bytes"): 248M, peak: 271M

vm_info: OpenJDK 64-Bit Server VM (21.0.9+1-b1163.94) for windows-amd64 JRE (21.0.9+1-b1163.94), built on 2026-01-12 by "builduser" with MS VC++ 16.10 / 16.11 (VS2019)

END.
